r1
r2
r3
r4
  -empty_dir: test.html
  -empty_dir: words
  +file_prop: src/tools/windows/dump_syms/testdata/dump_syms_regtest.pdb svn:mime-type application/octet-stream
r5
r6
  -empty_dir: java/common
r7
  -empty_dir: java
r8
  -empty_dir: compile
  -empty_dir: config.guess
  -empty_dir: config.sub
  -empty_dir: depcomp
  -empty_dir: install-sh
  -empty_dir: ltmain.sh
  -empty_dir: missing
  -empty_dir: mkinstalldirs
r9
r10
r11
  +file_prop: src/processor/testdata/minidump1.dmp svn:mime-type application/octet-stream
r12
r13
r14
r15
r16
r17
r18
  +file_prop: src/processor/testdata/minidump2.dmp svn:mime-type application/octet-stream
r19
r20
r21
r22
r23
r24
r25
r26
  -empty_dir: src/google/crash_report.h
  -empty_dir: src/google/crash_report_processor.h
  -empty_dir: src/processor/crash_report_processor.cc
  -empty_dir: src/processor/crash_report_processor_unittest.cc
r27
r28
r29
r30
r31
r32
r33
r34
  +dir_prop: . svn:ignore autom4te.cache%0A
r35
r36
r37
  -empty_dir: src/client/windows/README
r38
r39
  -empty_dir: src/tools/windows/dump_syms/pdb_source_line_writer.cc
  -empty_dir: src/tools/windows/dump_syms/pdb_source_line_writer.h
r40
r41
r42
r43
r44
r45
r46
r47
r48
r49
r50
r51
r52
r53
  -empty_dir: src/processor/testdata/minidump1.stack.out
  -empty_dir: src/processor/testdata/minidump2.sym
r54
r55
r56
r57
r58
r59
r60
  -empty_dir: src/google
  -empty_dir: src/processor/memory_region.h
  -empty_dir: src/processor/minidump.h
  -empty_dir: src/processor/minidump_format.h
  -empty_dir: src/processor/stackwalker.h
r61
r62
  -empty_dir: src/processor/testdata/minidump1.dmp
  -empty_dir: src/processor/testdata/minidump1.out
  -empty_dir: src/processor/testdata/symbols/test_app.pdb/63FE4780728D49379B9D7BB6460CB42A1
r63
r64
r65
r66
r67
r68
r69
r70
r71
r72
r73
r74
r75
r76
r77
r78
r79
  -empty_dir: src/processor/testdata/symbols/test_app.pdb/8DDB7E9A365748938D6EB08B1DCA31AA1
r80
r81
r82
r83
  -empty_dir: src/processor/source_line_resolver.cc
  -empty_dir: src/processor/source_line_resolver.h
  -empty_dir: src/processor/source_line_resolver_unittest.cc
r84
r85
r86
r87
r88
r89
r90
r91
r92
  +empty_dir: src/tools/mac/crash_report
  +empty_dir: src/tools/mac/dump_syms
  +empty_dir: src/tools/mac/symupload
r93
r94
r95
r96
r97
r98
r99
r100
r101
r102
r103
r104
r105
r109
  -empty_dir: src/common/mac/dump_syms.m
r110
r112
r113
r114
r115
r116
r117
r118
r119
r120
r121
r122
  -empty_dir: src/client/windows/airbag_client.sln
  -empty_dir: src/google_airbag
  -empty_dir: src/processor/testdata/symbols/test_app.pdb/DA006AA30D684DF080C8D782A22738531
  -empty_dir: src/tools/windows/dump_syms/testdata/dump_syms_regtest.out
r123
r124
r125
r126
r127
r128
r129
r130
r131
r132
r133
r134
r135
r136
r137
r138
r139
r140
r141
r142
r143
r144
r145
r146
r147
r148
r149
r150
r151
r152
r153
r154
r155
r156
r157
r158
r159
r160
r161
r162
r163
r164
r165
r166
r167
r168
r169
r170
r171
r172
r173
r174
r175
r176
r177
r178
r179
r180
r181
r182
r183
r184
r185
r186
r187
r188
r189
r190
r191
r192
r193
r194
r195
r196
r197
r198
r199
r200
r201
r202
r203
r204
r205
r206
r207
r208
r209
r210
r211
r212
r213
r214
r215
r216
r217
r218
  -empty_dir: src/common/linux/md5.c
  -empty_dir: src/common/linux/md5.h
  +file_prop: src/tools/solaris/dump_syms/testdata/dump_syms_regtest.o svn:mime-type application/octet-stream
r219
r220
r221
r222
r223
r224
r225
r226
r227
r228
r229
r230
r231
r232
r233
r234
r235
r236
r237
r238
r240
r241
r242
r243
r244
  +file_prop: src/client/windows/tests/crash_generation_app/crash_generation_app.ico svn:mime-type application/octet-stream
  +file_prop: src/client/windows/tests/crash_generation_app/small.ico svn:mime-type application/octet-stream
r247
r248
r249
r250
r252
r253
r254
r255
  +file_prop: AUTHORS svn:eol-style native
  +file_prop: COPYING svn:eol-style native
  +file_prop: ChangeLog svn:eol-style native
  +file_prop: INSTALL svn:eol-style native
  +file_prop: Makefile.am svn:eol-style native
  +file_prop: Makefile.in svn:eol-style native
  +file_prop: NEWS svn:eol-style native
  +file_prop: README svn:eol-style native
  +file_prop: aclocal.m4 svn:eol-style native
  +file_prop: autotools/config.guess svn:eol-style native
  +file_prop: autotools/config.sub svn:eol-style native
  +file_prop: autotools/depcomp svn:eol-style native
  +file_prop: autotools/install-sh svn:eol-style native
  +file_prop: autotools/ltmain.sh svn:eol-style native
  +file_prop: autotools/missing svn:eol-style native
  +file_prop: configure svn:eol-style native
  +file_prop: configure.ac svn:eol-style native
  +file_prop: src/client/linux/handler/Makefile svn:eol-style native
  +file_prop: src/client/linux/handler/exception_handler.cc svn:eol-style native
  +file_prop: src/client/linux/handler/exception_handler.h svn:eol-style native
  +file_prop: src/client/linux/handler/exception_handler_test.cc svn:eol-style native
  +file_prop: src/client/linux/handler/linux_thread.cc svn:eol-style native
  +file_prop: src/client/linux/handler/linux_thread.h svn:eol-style native
  +file_prop: src/client/linux/handler/linux_thread_test.cc svn:eol-style native
  +file_prop: src/client/linux/handler/minidump_generator.cc svn:eol-style native
  +file_prop: src/client/linux/handler/minidump_generator.h svn:eol-style native
  +file_prop: src/client/linux/handler/minidump_test.cc svn:eol-style native
  +file_prop: src/client/mac/handler/dynamic_images.cc svn:eol-style native
  +file_prop: src/client/mac/handler/dynamic_images.h svn:eol-style native
  +file_prop: src/client/mac/handler/exception_handler.cc svn:eol-style native
  +file_prop: src/client/mac/handler/exception_handler.h svn:eol-style native
  +file_prop: src/client/mac/handler/exception_handler_test.cc svn:eol-style native
  +file_prop: src/client/mac/handler/minidump_generator.cc svn:eol-style native
  +file_prop: src/client/mac/handler/minidump_generator.h svn:eol-style native
  +file_prop: src/client/mac/handler/minidump_generator_test.cc svn:eol-style native
  +file_prop: src/client/mac/handler/minidump_test.xcodeproj/project.pbxproj svn:eol-style native
  +file_prop: src/client/mac/handler/protected_memory_allocator.cc svn:eol-style native
  +file_prop: src/client/mac/handler/protected_memory_allocator.h svn:eol-style native
  +file_prop: src/client/minidump_file_writer-inl.h svn:eol-style native
  +file_prop: src/client/minidump_file_writer.cc svn:eol-style native
  +file_prop: src/client/minidump_file_writer.h svn:eol-style native
  +file_prop: src/client/minidump_file_writer_unittest.cc svn:eol-style native
  +file_prop: src/client/solaris/handler/Makefile svn:eol-style native
  +file_prop: src/client/solaris/handler/exception_handler.cc svn:eol-style native
  +file_prop: src/client/solaris/handler/exception_handler.h svn:eol-style native
  +file_prop: src/client/solaris/handler/exception_handler_test.cc svn:eol-style native
  +file_prop: src/client/solaris/handler/minidump_generator.cc svn:eol-style native
  +file_prop: src/client/solaris/handler/minidump_generator.h svn:eol-style native
  +file_prop: src/client/solaris/handler/minidump_test.cc svn:eol-style native
  +file_prop: src/client/solaris/handler/solaris_lwp.cc svn:eol-style native
  +file_prop: src/client/solaris/handler/solaris_lwp.h svn:eol-style native
  +file_prop: src/client/windows/breakpad_client.sln svn:eol-style native
  +file_prop: src/client/windows/common/auto_critical_section.h svn:eol-style native
  +file_prop: src/client/windows/common/ipc_protocol.h svn:eol-style native
  +file_prop: src/client/windows/crash_generation/ReadMe.txt svn:eol-style native
  +file_prop: src/client/windows/crash_generation/client_info.cc svn:eol-style native
  +file_prop: src/client/windows/crash_generation/client_info.h svn:eol-style native
  +file_prop: src/client/windows/crash_generation/crash_generation.vcproj svn:eol-style native
  +file_prop: src/client/windows/crash_generation/crash_generation_client.cc svn:eol-style native
  +file_prop: src/client/windows/crash_generation/crash_generation_client.h svn:eol-style native
  +file_prop: src/client/windows/crash_generation/crash_generation_server.cc svn:eol-style native
  +file_prop: src/client/windows/crash_generation/crash_generation_server.h svn:eol-style native
  +file_prop: src/client/windows/crash_generation/minidump_generator.cc svn:eol-style native
  +file_prop: src/client/windows/crash_generation/minidump_generator.h svn:eol-style native
  +file_prop: src/client/windows/handler/exception_handler.cc svn:eol-style native
  +file_prop: src/client/windows/handler/exception_handler.h svn:eol-style native
  +file_prop: src/client/windows/handler/exception_handler.vcproj svn:eol-style native
  +file_prop: src/client/windows/sender/crash_report_sender.cc svn:eol-style native
  +file_prop: src/client/windows/sender/crash_report_sender.h svn:eol-style native
  +file_prop: src/client/windows/sender/crash_report_sender.vcproj svn:eol-style native
  +file_prop: src/client/windows/tests/crash_generation_app/abstract_class.cc svn:eol-style native
  +file_prop: src/client/windows/tests/crash_generation_app/abstract_class.h svn:eol-style native
  +file_prop: src/client/windows/tests/crash_generation_app/crash_generation_app.cc svn:eol-style native
  +file_prop: src/client/windows/tests/crash_generation_app/crash_generation_app.h svn:eol-style native
  +file_prop: src/client/windows/tests/crash_generation_app/crash_generation_app.rc svn:eol-style native
  +file_prop: src/client/windows/tests/crash_generation_app/crash_generation_app.sln svn:eol-style native
  +file_prop: src/client/windows/tests/crash_generation_app/crash_generation_app.vcproj svn:eol-style native
  +file_prop: src/client/windows/tests/crash_generation_app/precompile.cc svn:eol-style native
  +file_prop: src/client/windows/tests/crash_generation_app/precompile.h svn:eol-style native
  +file_prop: src/client/windows/tests/crash_generation_app/resource.h svn:eol-style native
  +file_prop: src/common/convert_UTF.c svn:eol-style native
  +file_prop: src/common/convert_UTF.h svn:eol-style native
  +file_prop: src/common/linux/dump_symbols.cc svn:eol-style native
  +file_prop: src/common/linux/dump_symbols.h svn:eol-style native
  +file_prop: src/common/linux/file_id.cc svn:eol-style native
  +file_prop: src/common/linux/file_id.h svn:eol-style native
  +file_prop: src/common/linux/guid_creator.cc svn:eol-style native
  +file_prop: src/common/linux/guid_creator.h svn:eol-style native
  +file_prop: src/common/linux/http_upload.cc svn:eol-style native
  +file_prop: src/common/linux/http_upload.h svn:eol-style native
  +file_prop: src/common/mac/HTTPMultipartUpload.h svn:eol-style native
  +file_prop: src/common/mac/HTTPMultipartUpload.m svn:eol-style native
  +file_prop: src/common/mac/dump_syms.h svn:eol-style native
  +file_prop: src/common/mac/dump_syms.mm svn:eol-style native
  +file_prop: src/common/mac/file_id.cc svn:eol-style native
  +file_prop: src/common/mac/file_id.h svn:eol-style native
  +file_prop: src/common/mac/macho_id.cc svn:eol-style native
  +file_prop: src/common/mac/macho_id.h svn:eol-style native
  +file_prop: src/common/mac/macho_utilities.cc svn:eol-style native
  +file_prop: src/common/mac/macho_utilities.h svn:eol-style native
  +file_prop: src/common/mac/macho_walker.cc svn:eol-style native
  +file_prop: src/common/mac/macho_walker.h svn:eol-style native
  +file_prop: src/common/mac/string_utilities.cc svn:eol-style native
  +file_prop: src/common/mac/string_utilities.h svn:eol-style native
  +file_prop: src/common/md5.c svn:eol-style native
  +file_prop: src/common/md5.h svn:eol-style native
  +file_prop: src/common/solaris/dump_symbols.cc svn:eol-style native
  +file_prop: src/common/solaris/dump_symbols.h svn:eol-style native
  +file_prop: src/common/solaris/file_id.cc svn:eol-style native
  +file_prop: src/common/solaris/file_id.h svn:eol-style native
  +file_prop: src/common/solaris/guid_creator.cc svn:eol-style native
  +file_prop: src/common/solaris/guid_creator.h svn:eol-style native
  +file_prop: src/common/solaris/message_output.h svn:eol-style native
  +file_prop: src/common/string_conversion.cc svn:eol-style native
  +file_prop: src/common/string_conversion.h svn:eol-style native
  +file_prop: src/common/windows/guid_string.cc svn:eol-style native
  +file_prop: src/common/windows/guid_string.h svn:eol-style native
  +file_prop: src/common/windows/http_upload.cc svn:eol-style native
  +file_prop: src/common/windows/http_upload.h svn:eol-style native
  +file_prop: src/common/windows/pdb_source_line_writer.cc svn:eol-style native
  +file_prop: src/common/windows/pdb_source_line_writer.h svn:eol-style native
  +file_prop: src/common/windows/string_utils-inl.h svn:eol-style native
  +file_prop: src/common/windows/string_utils.cc svn:eol-style native
  +file_prop: src/config.h.in svn:eol-style native
  +file_prop: src/google_breakpad/common/breakpad_types.h svn:eol-style native
  +file_prop: src/google_breakpad/common/minidump_cpu_amd64.h svn:eol-style native
  +file_prop: src/google_breakpad/common/minidump_cpu_ppc.h svn:eol-style native
  +file_prop: src/google_breakpad/common/minidump_cpu_ppc64.h svn:eol-style native
  +file_prop: src/google_breakpad/common/minidump_cpu_sparc.h svn:eol-style native
  +file_prop: src/google_breakpad/common/minidump_cpu_x86.h svn:eol-style native
  +file_prop: src/google_breakpad/common/minidump_exception_linux.h svn:eol-style native
  +file_prop: src/google_breakpad/common/minidump_exception_mac.h svn:eol-style native
  +file_prop: src/google_breakpad/common/minidump_exception_solaris.h svn:eol-style native
  +file_prop: src/google_breakpad/common/minidump_exception_win32.h svn:eol-style native
  +file_prop: src/google_breakpad/common/minidump_format.h svn:eol-style native
  +file_prop: src/google_breakpad/common/minidump_size.h svn:eol-style native
  +file_prop: src/google_breakpad/processor/basic_source_line_resolver.h svn:eol-style native
  +file_prop: src/google_breakpad/processor/call_stack.h svn:eol-style native
  +file_prop: src/google_breakpad/processor/code_module.h svn:eol-style native
  +file_prop: src/google_breakpad/processor/code_modules.h svn:eol-style native
  +file_prop: src/google_breakpad/processor/memory_region.h svn:eol-style native
  +file_prop: src/google_breakpad/processor/minidump.h svn:eol-style native
  +file_prop: src/google_breakpad/processor/minidump_processor.h svn:eol-style native
  +file_prop: src/google_breakpad/processor/process_state.h svn:eol-style native
  +file_prop: src/google_breakpad/processor/source_line_resolver_interface.h svn:eol-style native
  +file_prop: src/google_breakpad/processor/stack_frame.h svn:eol-style native
  +file_prop: src/google_breakpad/processor/stack_frame_cpu.h svn:eol-style native
  +file_prop: src/google_breakpad/processor/stackwalker.h svn:eol-style native
  +file_prop: src/google_breakpad/processor/symbol_supplier.h svn:eol-style native
  +file_prop: src/google_breakpad/processor/system_info.h svn:eol-style native
  +file_prop: src/processor/address_map-inl.h svn:eol-style native
  +file_prop: src/processor/address_map.h svn:eol-style native
  +file_prop: src/processor/address_map_unittest.cc svn:eol-style native
  +file_prop: src/processor/basic_code_module.h svn:eol-style native
  +file_prop: src/processor/basic_code_modules.cc svn:eol-style native
  +file_prop: src/processor/basic_code_modules.h svn:eol-style native
  +file_prop: src/processor/basic_source_line_resolver.cc svn:eol-style native
  +file_prop: src/processor/basic_source_line_resolver_unittest.cc svn:eol-style native
  +file_prop: src/processor/call_stack.cc svn:eol-style native
  +file_prop: src/processor/contained_range_map-inl.h svn:eol-style native
  +file_prop: src/processor/contained_range_map.h svn:eol-style native
  +file_prop: src/processor/contained_range_map_unittest.cc svn:eol-style native
  +file_prop: src/processor/linked_ptr.h svn:eol-style native
  +file_prop: src/processor/logging.cc svn:eol-style native
  +file_prop: src/processor/logging.h svn:eol-style native
  +file_prop: src/processor/minidump.cc svn:eol-style native
  +file_prop: src/processor/minidump_dump.cc svn:eol-style native
  +file_prop: src/processor/minidump_dump_test svn:eol-style native
  +file_prop: src/processor/minidump_processor.cc svn:eol-style native
  +file_prop: src/processor/minidump_processor_unittest.cc svn:eol-style native
  +file_prop: src/processor/minidump_stackwalk.cc svn:eol-style native
  +file_prop: src/processor/minidump_stackwalk_machine_readable_test svn:eol-style native
  +file_prop: src/processor/minidump_stackwalk_test svn:eol-style native
  +file_prop: src/processor/pathname_stripper.cc svn:eol-style native
  +file_prop: src/processor/pathname_stripper.h svn:eol-style native
  +file_prop: src/processor/pathname_stripper_unittest.cc svn:eol-style native
  +file_prop: src/processor/postfix_evaluator-inl.h svn:eol-style native
  +file_prop: src/processor/postfix_evaluator.h svn:eol-style native
  +file_prop: src/processor/postfix_evaluator_unittest.cc svn:eol-style native
  +file_prop: src/processor/process_state.cc svn:eol-style native
  +file_prop: src/processor/range_map-inl.h svn:eol-style native
  +file_prop: src/processor/range_map.h svn:eol-style native
  +file_prop: src/processor/range_map_unittest.cc svn:eol-style native
  +file_prop: src/processor/scoped_ptr.h svn:eol-style native
  +file_prop: src/processor/simple_symbol_supplier.cc svn:eol-style native
  +file_prop: src/processor/simple_symbol_supplier.h svn:eol-style native
  +file_prop: src/processor/stack_frame_info.h svn:eol-style native
  +file_prop: src/processor/stackwalker.cc svn:eol-style native
  +file_prop: src/processor/stackwalker_amd64.cc svn:eol-style native
  +file_prop: src/processor/stackwalker_amd64.h svn:eol-style native
  +file_prop: src/processor/stackwalker_ppc.cc svn:eol-style native
  +file_prop: src/processor/stackwalker_ppc.h svn:eol-style native
  +file_prop: src/processor/stackwalker_selftest.cc svn:eol-style native
  +file_prop: src/processor/stackwalker_selftest_sol.s svn:eol-style native
  +file_prop: src/processor/stackwalker_sparc.cc svn:eol-style native
  +file_prop: src/processor/stackwalker_sparc.h svn:eol-style native
  +file_prop: src/processor/stackwalker_x86.cc svn:eol-style native
  +file_prop: src/processor/stackwalker_x86.h svn:eol-style native
  +file_prop: src/processor/testdata/minidump2.dump.out svn:eol-style native
  +file_prop: src/processor/testdata/minidump2.stackwalk.machine_readable.out svn:eol-style native
  +file_prop: src/processor/testdata/minidump2.stackwalk.out svn:eol-style native
  +file_prop: src/processor/testdata/module1.out svn:eol-style native
  +file_prop: src/processor/testdata/module2.out svn:eol-style native
  +file_prop: src/processor/testdata/module3_bad.out svn:eol-style native
  +file_prop: src/processor/testdata/module4_bad.out svn:eol-style native
  +file_prop: src/processor/testdata/symbols/kernel32.pdb/BCE8785C57B44245A669896B6A19B9542/kernel32.sym svn:eol-style native
  +file_prop: src/processor/testdata/symbols/test_app.pdb/5A9832E5287241C1838ED98914E9B7FF1/test_app.sym svn:eol-style native
  +file_prop: src/processor/testdata/test_app.cc svn:eol-style native
  +file_prop: src/tools/linux/dump_syms/Makefile svn:eol-style native
  +file_prop: src/tools/linux/dump_syms/dump_syms.cc svn:eol-style native
  +file_prop: src/tools/linux/symupload/Makefile svn:eol-style native
  +file_prop: src/tools/linux/symupload/minidump_upload.cc svn:eol-style native
  +file_prop: src/tools/linux/symupload/sym_upload.cc svn:eol-style native
  +file_prop: src/tools/mac/crash_report/crash_report.mm svn:eol-style native
  +file_prop: src/tools/mac/crash_report/crash_report.xcodeproj/project.pbxproj svn:eol-style native
  +file_prop: src/tools/mac/crash_report/on_demand_symbol_supplier.h svn:eol-style native
  +file_prop: src/tools/mac/crash_report/on_demand_symbol_supplier.mm svn:eol-style native
  +file_prop: src/tools/mac/dump_syms/dump_syms.xcodeproj/project.pbxproj svn:eol-style native
  +file_prop: src/tools/mac/dump_syms/dump_syms_tool.m svn:eol-style native
  +file_prop: src/tools/mac/symupload/minidump_upload.m svn:eol-style native
  +file_prop: src/tools/mac/symupload/symupload.m svn:eol-style native
  +file_prop: src/tools/mac/symupload/symupload.xcodeproj/project.pbxproj svn:eol-style native
  +file_prop: src/tools/solaris/dump_syms/Makefile svn:eol-style native
  +file_prop: src/tools/solaris/dump_syms/dump_syms.cc svn:eol-style native
  +file_prop: src/tools/solaris/dump_syms/run_regtest.sh svn:eol-style native
  +file_prop: src/tools/solaris/dump_syms/testdata/dump_syms_regtest.cc svn:eol-style native
  +file_prop: src/tools/solaris/dump_syms/testdata/dump_syms_regtest.stabs svn:eol-style native
  +file_prop: src/tools/solaris/dump_syms/testdata/dump_syms_regtest.sym svn:eol-style native
  +file_prop: src/tools/windows/converter/ms_symbol_server_converter.cc svn:eol-style native
  +file_prop: src/tools/windows/converter/ms_symbol_server_converter.h svn:eol-style native
  +file_prop: src/tools/windows/converter/ms_symbol_server_converter.vcproj svn:eol-style native
  +file_prop: src/tools/windows/dump_syms/dump_syms.cc svn:eol-style native
  +file_prop: src/tools/windows/dump_syms/dump_syms.vcproj svn:eol-style native
  +file_prop: src/tools/windows/dump_syms/run_regtest.sh svn:eol-style native
  +file_prop: src/tools/windows/dump_syms/testdata/dump_syms_regtest.cc svn:eol-style native
  +file_prop: src/tools/windows/dump_syms/testdata/dump_syms_regtest.sym svn:eol-style native
  +file_prop: src/tools/windows/symupload/symupload.cc svn:eol-style native
  +file_prop: src/tools/windows/symupload/symupload.vcproj svn:eol-style native
r256
r258
r259
r260
  -empty_dir: src/client/mac/handler/breakpad_nlist_64.c
r261
r262
r263
  -empty_dir: src/client/mac/handler/minidump_tests-Info.plist
r264
  -empty_dir: src/client/mac/handler/breakpad_nlist_test.cc
  -empty_dir: src/client/mac/handler/breakpad_nlist_test.h
r265
r266
r267
r268
r269
r270
r271
r272
r273
r274
r275
r276
r277
r278
r279
r280
r281
r282
r283
r284
r285
r286
  +file_prop: src/client/mac/handler/testcases/testdata/dump_syms_dwarf_data svn:mime-type application/octet-stream
  +file_prop: src/tools/mac/dump_syms/dump_syms_tool.mm svn:eol-style native
r287
r288
r289
r290
r291
r292
r293
r294
  +empty_dir: src/common/mac/externals
  +dir_prop: src/common/mac/externals svn:externals google-toolbox-for-mac/Foundation%20http://google-toolbox-for-mac.googlecode.com/svn/trunk/Foundation%0A
r295
r296
r297
r298
r299
r300
r301
r302
r303
r304
  +dir_prop: src/common/mac/externals svn:externals google-toolbox-for-mac%20http://google-toolbox-for-mac.googlecode.com/svn/trunk/%0A
r305
r306
r307
r308
r309
r310
r311
r312
r313
r314
r315
r318
r319
r320
  -dir_prop: src/common/mac/externals svn:externals
r321
r322
  +file_prop: src/client/mac/Framework/English.lproj/InfoPlist.strings svn:mime-type application/octet-stream
  +file_prop: src/client/mac/gcov/libgcov.a svn:mime-type application/octet-stream
  +file_prop: src/client/mac/sender/English.lproj/Localizable.strings svn:mime-type application/octet-stream
  +file_prop: src/client/mac/sender/ReporterIcon.icns svn:mime-type application/octet-stream
  +file_prop: src/client/mac/testapp/English.lproj/InfoPlist.strings svn:mime-type application/octet-stream
  +file_prop: src/client/mac/testapp/English.lproj/MainMenu.nib/keyedobjects.nib svn:mime-type application/octet-stream
  +file_prop: src/client/mac/testapp/bomb.icns svn:mime-type application/octet-stream
  +file_prop: src/client/mac/testapp/crashInMain svn:mime-type application/octet-stream
  +file_prop: src/client/mac/testapp/crashduringload svn:mime-type application/octet-stream
r323
  -empty_dir: src/client/mac/sender/English.lproj/Breakpad.xib
  -empty_dir: src/client/mac/sender/ReporterIcon.icns
  +file_prop: src/client/mac/sender/English.lproj/Breakpad.nib/keyedobjects.nib svn:mime-type application/octet-stream
  +file_prop: src/client/mac/sender/crash_report_sender.icns svn:mime-type application/octet-stream
r324
r325
  -empty_dir: src/client/mac/Framework/English.lproj/InfoPlist.strings
r326
r327
r328
  -empty_dir: src/common/mac/externals
r329
r330
  +file_prop: src/client/mac/sender/English.lproj/InfoPlist.strings svn:mime-type application/octet-stream
r331
r332
r333
r334
r335
  -empty_dir: src/client/mac/sender/English.lproj/Breakpad.nib
  +file_prop: src/client/mac/sender/Breakpad.nib/keyedobjects.nib svn:mime-type application/octet-stream
r336
r337
  -empty_dir: src/tools/mac/dump_syms/dump_syms_tool.m
r338
r339
r340
r341
r342
r343
  +dir_prop: . svn:externals src/testing%20http://googlemock.googlecode.com/svn/trunk/%0A
  +dir_prop: src externals http://googlemock.googlecode.com/svn/trunk%20testing
r344
  +dir_prop: . svn:externals src/testing%20-r158%20http://googlemock.googlecode.com/svn/trunk/%0A
r345
r346
r347
r348
r349
r350
r351
r352
r353
r356
  +dir_prop: . svn:externals src/testing%20-r175%20http://googlemock.googlecode.com/svn/trunk/%0A
r357
r358
r359
r360
  +file_prop: src/client/mac/sender/goArrow.png svn:mime-type application/octet-stream
r361
r362
r363
r364
r365
r366
r367
r368
r369
r370
r371
r372
r373
r374
r375
r378
r379
r380
r381
r383
r384
  -empty_dir: src/client/linux/handler/exception_handler_test.cc
  -empty_dir: src/client/linux/handler/linux_thread.h
  -empty_dir: src/client/linux/handler/linux_thread_test.cc
  -empty_dir: src/client/linux/handler/minidump_generator.cc
  -empty_dir: src/client/linux/handler/minidump_generator.h
  -empty_dir: src/client/linux/handler/minidump_test.cc
r391
r392
r393
r394
r400
  -empty_dir: src/client/linux/handler/Makefile
  +file_prop: src/client/linux/Makefile svn:eol-style native
  +file_prop: src/client/linux/Makefile svn:mergeinfo 
r402
r403
  +file_prop: src/third_party/linux/lib/gflags/libgflags.a svn:mime-type application/octet-stream
  +file_prop: src/third_party/linux/lib/glog/libglog.a svn:mime-type application/octet-stream
r404
r405
r407
r409
r410
r416
r417
r418
r419
r420
r428
r429
r430
r431
r432
r433
r434
  -empty_dir: src/client/linux/handler/linux_thread.cc
r435
r436
r437
r438
r439
r440
r441
r442
r443
r444
r445
r446
  -empty_dir: src/common/mac/dwarf
r447
r448
r449
r450
r451
r452
r453
r454
r455
r461
r463
r464
r465
r466
r467
r468
r469
r470
r471
  -empty_dir: src/processor/stack_frame_info.h
  +file_prop: src/processor/windows_frame_info.h svn:eol-style native
r474
r475
r476
r477
r478
r479
r480
r481
r482
r483
r484
r485
r486
r490
r491
r492
r493
r494
r495
r496
r497
r501
r502
r503
r504
r505
r506
r507
r508
r509
r510
r511
r512
r513
r514
r515
r516
r517
r518
r519
r520
r521
r522
r525
r526
r536
r537
r538
r541
r542
r543
r544
r547
r548
r549
r550
r551
r552
r553
r554
r555
r557
r558
r559
r560
r561
r562
r563
r564
r565
r566
r567
  -empty_dir: src/common/linux/dump_stabs.cc
  -empty_dir: src/common/linux/dump_stabs.h
  -empty_dir: src/common/linux/dump_stabs_unittest.cc
  -empty_dir: src/common/linux/dwarf_cfi_to_module.cc
  -empty_dir: src/common/linux/dwarf_cfi_to_module.h
  -empty_dir: src/common/linux/dwarf_cfi_to_module_unittest.cc
  -empty_dir: src/common/linux/dwarf_cu_to_module.cc
  -empty_dir: src/common/linux/dwarf_cu_to_module.h
  -empty_dir: src/common/linux/dwarf_cu_to_module_unittest.cc
  -empty_dir: src/common/linux/dwarf_line_to_module.cc
  -empty_dir: src/common/linux/dwarf_line_to_module.h
  -empty_dir: src/common/linux/dwarf_line_to_module_unittest.cc
  -empty_dir: src/common/linux/language.cc
  -empty_dir: src/common/linux/language.h
  -empty_dir: src/common/linux/module.cc
  -empty_dir: src/common/linux/module.h
  -empty_dir: src/common/linux/module_unittest.cc
  -empty_dir: src/common/linux/stabs_reader.cc
  -empty_dir: src/common/linux/stabs_reader.h
  -empty_dir: src/common/linux/stabs_reader_unittest.cc
  -empty_dir: src/common/linux/testdata
r568
r569
r570
r571
r572
r573
r574
  -empty_dir: src/processor/test_assembler.cc
  -empty_dir: src/processor/test_assembler.h
  -empty_dir: src/processor/test_assembler_unittest.cc
r575
r576
r577
r578
r579
r580
r581
  -empty_dir: src/client/windows/breakpad_client.sln
  -empty_dir: src/client/windows/crash_generation/crash_generation.vcproj
  -empty_dir: src/client/windows/handler/exception_handler.vcproj
  -empty_dir: src/client/windows/handler/exception_handler_test
  -empty_dir: src/client/windows/sender/crash_report_sender.vcproj
  +dir_prop: . svn:externals src/testing%20-r175%20http://googlemock.googlecode.com/svn/trunk/%0Asrc/tools/gyp%20-r762%20http://gyp.googlecode.com/svn/trunk%0A
  +dir_prop: src/client/windows svn:ignore *.sln%0A*.vcproj%0A*.user%0A*.suo%0A*.ncb%0ADebug%0ADefault%0ARelease%0A
  +dir_prop: src/client/windows/build svn:ignore *.sln%0A*.vcproj%0A*.user%0A*.suo%0A*.ncb%0ADebug%0ADefault%0ARelease%0A
  +dir_prop: src/client/windows/common svn:ignore *.sln%0A*.vcproj%0A*.user%0A*.suo%0A*.ncb%0ADebug%0ADefault%0ARelease%0A
  +dir_prop: src/client/windows/crash_generation svn:ignore *.sln%0A*.vcproj%0A*.user%0A*.suo%0A*.ncb%0ADebug%0ADefault%0ARelease%0A
  +dir_prop: src/client/windows/handler svn:ignore *.sln%0A*.vcproj%0A*.user%0A*.suo%0A*.ncb%0ADebug%0ADefault%0ARelease%0A
  +dir_prop: src/client/windows/sender svn:ignore *.sln%0A*.vcproj%0A*.user%0A*.suo%0A*.ncb%0ADebug%0ADefault%0ARelease%0A
  +dir_prop: src/client/windows/tests svn:ignore *.sln%0A*.vcproj%0A*.user%0A*.suo%0A*.ncb%0ADebug%0ADefault%0ARelease%0A
  +dir_prop: src/client/windows/unittests svn:ignore *.sln%0A*.vcproj%0A*.user%0A*.suo%0A*.ncb%0ADebug%0ADefault%0ARelease%0A
r582
r583
  -empty_dir: src/common/testdata/stabs_reader_unittest.input1
  -empty_dir: src/common/testdata/stabs_reader_unittest.input2
  -empty_dir: src/common/testdata/stabs_reader_unittest.input3
  -empty_dir: src/common/testdata/stabs_reader_unittest.input4
  -empty_dir: src/common/testdata/stabs_reader_unittest.input5
  -empty_dir: src/common/testdata/stabs_reader_unittest.input6
r584
  -empty_dir: src/common/dump_stabs.cc
  -empty_dir: src/common/dump_stabs.h
  -empty_dir: src/common/dump_stabs_unittest.cc
r585
r586
r587
r588
r589
r590
r591
r592
r593
r594
  +file_prop: src/tools/windows/binaries/symupload.exe svn:mime-type application/octet-stream
r595
  +file_prop: src/tools/windows/binaries/dump_syms.exe svn:mime-type application/octet-stream
r596
r597
r598
r599
r600
r601
r602
r603
r604
r605
r606
r607
r608
  +file_prop: codereview.settings svn:eol-style LF
r609
  -empty_dir: src/client/mac/sender/Breakpad.nib
  -empty_dir: src/client/mac/testapp/English.lproj/MainMenu.nib
  +file_prop: src/client/mac/sender/Breakpad.xib svn:eol-style LF
  +file_prop: src/client/mac/testapp/English.lproj/MainMenu.xib svn:eol-style LF
r610
r611
r612
r613
r614
r615
r616
r617
r618
r619
r620
r621
r622
r623
r624
r625
r626
r627
r628
r629
r630
  +file_prop: src/client/mac/sender/da.lproj/InfoPlist.strings svn:mime-type application/octet-stream
  +file_prop: src/client/mac/sender/da.lproj/Localizable.strings svn:mime-type application/octet-stream
  +file_prop: src/client/mac/sender/de.lproj/InfoPlist.strings svn:mime-type application/octet-stream
  +file_prop: src/client/mac/sender/de.lproj/Localizable.strings svn:mime-type application/octet-stream
  +file_prop: src/client/mac/sender/es.lproj/InfoPlist.strings svn:mime-type application/octet-stream
  +file_prop: src/client/mac/sender/es.lproj/Localizable.strings svn:mime-type application/octet-stream
  +file_prop: src/client/mac/sender/fr.lproj/InfoPlist.strings svn:mime-type application/octet-stream
  +file_prop: src/client/mac/sender/fr.lproj/Localizable.strings svn:mime-type application/octet-stream
  +file_prop: src/client/mac/sender/it.lproj/InfoPlist.strings svn:mime-type application/octet-stream
  +file_prop: src/client/mac/sender/it.lproj/Localizable.strings svn:mime-type application/octet-stream
  +file_prop: src/client/mac/sender/ja.lproj/InfoPlist.strings svn:mime-type application/octet-stream
  +file_prop: src/client/mac/sender/ja.lproj/Localizable.strings svn:mime-type application/octet-stream
  +file_prop: src/client/mac/sender/nl.lproj/InfoPlist.strings svn:mime-type application/octet-stream
  +file_prop: src/client/mac/sender/nl.lproj/Localizable.strings svn:mime-type application/octet-stream
  +file_prop: src/client/mac/sender/no.lproj/InfoPlist.strings svn:mime-type application/octet-stream
  +file_prop: src/client/mac/sender/no.lproj/Localizable.strings svn:mime-type application/octet-stream
  +file_prop: src/client/mac/sender/sl.lproj/InfoPlist.strings svn:mime-type application/octet-stream
  +file_prop: src/client/mac/sender/sl.lproj/Localizable.strings svn:mime-type application/octet-stream
  +file_prop: src/client/mac/sender/sv.lproj/InfoPlist.strings svn:mime-type application/octet-stream
  +file_prop: src/client/mac/sender/sv.lproj/Localizable.strings svn:mime-type application/octet-stream
  +file_prop: src/client/mac/sender/tr.lproj/InfoPlist.strings svn:mime-type application/octet-stream
  +file_prop: src/client/mac/sender/tr.lproj/Localizable.strings svn:mime-type application/octet-stream
r631
r632
r633
r634
r635
r636
r637
r638
r639
r640
r641
  -empty_dir: src/client/mac/handler/exception_handler_test.cc
  +file_prop: src/client/mac/tests/exception_handler_test.cc svn:eol-style native
r642
r643
  +empty_dir: src/third_party/glog
  +dir_prop: src/third_party/glog svn:external glog%20http://google-glog.googlecode.com/svn/trunk
r644
  -dir_prop: src/third_party/glog svn:external
  +dir_prop: src/third_party/glog svn:externals glog%20http://google-glog.googlecode.com/svn/trunk%0A
r645
  +empty_dir: src/third_party/protobuf
  +dir_prop: src/third_party/protobuf svn:externals protobuf%20http://protobuf.googlecode.com/svn/trunk%0A
r646
r647
r648
  +file_prop: src/client/linux/minidump_writer/minidump_extension_linux.h svn:eol-style LF
r649
r650
r651
r652
r653
r656
r657
r658
r659
r660
  -empty_dir: src/third_party/linux/include/glog
r661
r662
r663
r664
r665
r666
r667
r668
r669
r670
r671
r672
r673
r674
r675
r676
r677
r678
r679
r680
  -empty_dir: src/processor/proto/process_state.pb.cc
  -empty_dir: src/processor/proto/process_state.pb.h
r681
r682
r683
r684
r685
  -empty_dir: src/common/windows/wchar_logging.h
r686
  -empty_dir: src/common/linux/linux_syscall_support.h
  +dir_prop: src svn:externals third_party/lss%20-r2%20http://linux-syscall-support.googlecode.com/svn/trunk/lss%0A
r687
r688
r689
r690
r691
r692
r693
r694
r695
  -empty_dir: src/client/windows/unittests/gtest.gyp
r696
  -empty_dir: src/client/windows/tests/crash_generation_app/crash_generation_app.sln
  -empty_dir: src/client/windows/tests/crash_generation_app/crash_generation_app.vcproj
  -empty_dir: src/client/windows/tests/crash_generation_app/precompile.cc
  -empty_dir: src/client/windows/tests/crash_generation_app/precompile.h
r697
  +dir_prop: . svn:externals src/testing%20-r175%20http://googlemock.googlecode.com/svn/trunk/%0Asrc/tools/gyp%20-r762%20http://gyp.googlecode.com/svn/trunk%0Asrc/third_party/lss%20-r3%20http://linux-syscall-support.googlecode.com/svn/trunk/lss%0A
  -dir_prop: src svn:externals
r698
r699
  -empty_dir: src/common/linux/memory.h
  -empty_dir: src/common/linux/memory_unittest.cc
r700
r701
r702
r703
r704
r705
  +file_prop: src/processor/testdata/ascii_read_av.dmp svn:mime-type application/octet-stream
  +file_prop: src/processor/testdata/ascii_read_av_block_write.dmp svn:mime-type application/octet-stream
  +file_prop: src/processor/testdata/ascii_read_av_clobber_write.dmp svn:mime-type application/octet-stream
  +file_prop: src/processor/testdata/ascii_read_av_conditional.dmp svn:mime-type application/octet-stream
  +file_prop: src/processor/testdata/ascii_read_av_then_jmp.dmp svn:mime-type application/octet-stream
  +file_prop: src/processor/testdata/ascii_read_av_xchg_write.dmp svn:mime-type application/octet-stream
  +file_prop: src/processor/testdata/ascii_write_av.dmp svn:mime-type application/octet-stream
  +file_prop: src/processor/testdata/ascii_write_av_arg_to_call.dmp svn:mime-type application/octet-stream
  +file_prop: src/processor/testdata/exec_av_on_stack.dmp svn:mime-type application/octet-stream
  +file_prop: src/processor/testdata/null_read_av.dmp svn:mime-type application/octet-stream
  +file_prop: src/processor/testdata/null_write_av.dmp svn:mime-type application/octet-stream
  +file_prop: src/processor/testdata/stack_exhaustion.dmp svn:mime-type application/octet-stream
r706
r707
  +file_prop: src/processor/testdata/read_av_clobber_write.dmp svn:mime-type application/octet-stream
  +file_prop: src/processor/testdata/read_av_conditional.dmp svn:mime-type application/octet-stream
  +file_prop: src/processor/testdata/read_av_non_null.dmp svn:mime-type application/octet-stream
  +file_prop: src/processor/testdata/write_av_non_null.dmp svn:mime-type application/octet-stream
r708
r709
r710
r711
r712
r713
r714
r715
r716
r717
r718
r719
r720
r721
r722
r723
r724
r725
r726
r727
  -empty_dir: src/client/linux/Makefile
r728
r729
r732
r733
r734
r735
r736
r737
r738
r739
r740
r741
r742
  -empty_dir: src/client/mac/handler/minidump_generator_test.cc
r743
r744
r745
r746
r747
r748
r749
r750
r751
r752
r753
r754
r755
r759
r760
r761
r762
r763
r764
r765
r766
r767
r768
  +dir_prop: . svn:externals src/testing%20-r175%20http://googlemock.googlecode.com/svn/trunk/%0Asrc/tools/gyp%20-r762%20http://gyp.googlecode.com/svn/trunk%0Asrc/third_party/lss%20-r3%20http://linux-syscall-support.googlecode.com/svn/trunk/lss%0Asrc/third_party/glog%20http://google-glog.googlecode.com/svn/trunk%0A
  -dir_prop: src/third_party/glog svn:externals
r769
  -empty_dir: src/third_party/glog
  +dir_prop: . svn:externals src/testing%20-r175%20http://googlemock.googlecode.com/svn/trunk/%0Asrc/tools/gyp%20-r762%20http://gyp.googlecode.com/svn/trunk%0Asrc/third_party/lss%20-r3%20http://linux-syscall-support.googlecode.com/svn/trunk/lss%0A
r770
  +dir_prop: . svn:externals src/testing%20-r175%20http://googlemock.googlecode.com/svn/trunk/%0Asrc/tools/gyp%20-r762%20http://gyp.googlecode.com/svn/trunk%0Asrc/third_party/lss%20-r3%20http://linux-syscall-support.googlecode.com/svn/trunk/lss%0Asrc/third_party/glog%20http://google-glog.googlecode.com/svn/trunk%0A
r772
r773
r774
r775
  -empty_dir: src/tools/linux/dump_syms/Makefile
  -empty_dir: src/tools/linux/symupload/Makefile
r776
r777
r778
r779
r780
r781
r782
r783
r784
r785
r786
r787
r788
r789
r790
r791
r792
r793
r794
r795
  -empty_dir: src/google_breakpad/processor/network_source_line_resolver.h
  -empty_dir: src/processor/network_interface.h
  -empty_dir: src/processor/network_source_line_protocol.h
  -empty_dir: src/processor/network_source_line_resolver.cc
  -empty_dir: src/processor/network_source_line_resolver_server_unittest.cc
  -empty_dir: src/processor/network_source_line_resolver_unittest.cc
  -empty_dir: src/processor/network_source_line_server.cc
  -empty_dir: src/processor/network_source_line_server.h
  -empty_dir: src/processor/network_source_line_server_unittest.cc
  -empty_dir: src/processor/source_daemon.cc
  -empty_dir: src/processor/udp_network.cc
  -empty_dir: src/processor/udp_network.h
r814
r815
r817
r818
r819
r820
r821
r822
r823
r824
r825
r826
r827
r828
r829
r830
r831
r832
r833
r834
r835
r836
r837
r838
  +file_prop: src/client/windows/tests/crash_generation_app/abstract_class.cc svn:eol-style LF
  +file_prop: src/client/windows/tests/crash_generation_app/abstract_class.h svn:eol-style LF
  +file_prop: src/client/windows/tests/crash_generation_app/crash_generation_app.cc svn:eol-style LF
  +file_prop: src/client/windows/tests/crash_generation_app/crash_generation_app.gyp svn:eol-style LF
  +file_prop: src/client/windows/tests/crash_generation_app/crash_generation_app.h svn:eol-style LF
  +file_prop: src/client/windows/tests/crash_generation_app/resource.h svn:eol-style LF
  +file_prop: src/client/windows/unittests/client_tests.gyp svn:eol-style LF
  +file_prop: src/client/windows/unittests/crash_generation_server_test.cc svn:eol-style LF
  +file_prop: src/client/windows/unittests/dump_analysis.cc svn:eol-style LF
  +file_prop: src/client/windows/unittests/dump_analysis.h svn:eol-style LF
  +file_prop: src/client/windows/unittests/exception_handler_death_test.cc svn:eol-style LF
  +file_prop: src/client/windows/unittests/exception_handler_test.cc svn:eol-style LF
  +file_prop: src/client/windows/unittests/minidump_test.cc svn:eol-style LF
  +file_prop: src/client/windows/unittests/testing.gyp svn:eol-style LF
  +file_prop: src/tools/windows/refresh_binaries.bat svn:eol-style CRLF
r839
r840
r841
r842
r843
r844
r845
  -empty_dir: src/third_party/libdisasm/.dirstamp
  +dir_prop: src svn:ignore .dirstamp%0A
  +dir_prop: src/client svn:ignore .deps%0A.dirstamp%0A
  +dir_prop: src/client/linux svn:ignore .deps%0A.dirstamp%0A
  +dir_prop: src/client/linux/crash_generation svn:ignore .deps%0A.dirstamp%0A
  +dir_prop: src/client/linux/handler svn:ignore .deps%0A.dirstamp%0A
  +dir_prop: src/client/linux/minidump_writer svn:ignore .deps%0A.dirstamp%0A
  +dir_prop: src/common svn:ignore .deps%0A.dirstamp%0A
  +dir_prop: src/common/dwarf svn:ignore .deps%0A.dirstamp%0A
  +dir_prop: src/common/linux svn:ignore .deps%0A.dirstamp%0A
  +dir_prop: src/processor svn:ignore .deps%0A.dirstamp%0A
  +dir_prop: src/third_party/libdisasm svn:ignore .deps%0A
  +dir_prop: src/tools/linux/dump_syms svn:ignore .dirstamp%0A.deps%0A
  +dir_prop: src/tools/linux/md2core svn:ignore .dirstamp%0A.deps%0A
  +dir_prop: src/tools/linux/symupload svn:ignore .dirstamp%0A.deps%0A
r846
  +dir_prop: src/third_party/libdisasm svn:ignore .deps%0A.dirstamp%0A
r847
r848
r849
  +dir_prop: . svn:externals src/testing%20-r175%20http://googlemock.googlecode.com/svn/trunk/%0Asrc/tools/gyp%20-r762%20http://gyp.googlecode.com/svn/trunk%0Asrc/third_party/lss%20-r7%20http://linux-syscall-support.googlecode.com/svn/trunk/lss%0Asrc/third_party/glog%20http://google-glog.googlecode.com/svn/trunk%0A
r850
  -dir_prop: . svn:externals
  +dir_prop: src svn:externals testing%20-r175%20http://googlemock.googlecode.com/svn/trunk%0A
  +dir_prop: src/third_party svn:externals lss%20-r7%20http://linux-syscall-support.googlecode.com/svn/trunk/lss%0Aglog%20http://google-glog.googlecode.com/svn/trunk%0A
  +dir_prop: src/tools svn:externals gyp%20-r762%20http://gyp.googlecode.com/svn/trunk%0A
r851
  +dir_prop: src/client/mac/Breakpad.xcodeproj svn:ignore *.mode1v3%0A*.pbxuser%0A
r852
r853
r854
r855
r856
r857
r858
r859
r860
r861
r862
r863
  -dir_prop: src externals
  +dir_prop: src/third_party svn:externals lss%20-r7%20http://linux-syscall-support.googlecode.com/svn/trunk/lss%0Aglog%20-r97%20http://google-glog.googlecode.com/svn/trunk%0A
  +dir_prop: src/third_party/protobuf svn:externals protobuf%20-r407%20http://protobuf.googlecode.com/svn/trunk%0A
r864
r865
r866
r867
r868
r869
r870
r871
r872
  +file_prop: src/client/windows/breakpad_client.gyp svn:eol-style LF
  +file_prop: src/client/windows/build/common.gypi svn:eol-style LF
  +file_prop: src/client/windows/build/external_code.gypi svn:eol-style LF
  +file_prop: src/client/windows/build/internal/release_defaults.gypi svn:eol-style LF
  +file_prop: src/client/windows/build/internal/release_impl.gypi svn:eol-style LF
  +file_prop: src/client/windows/build/internal/release_impl_official.gypi svn:eol-style LF
  +file_prop: src/client/windows/build/release.gypi svn:eol-style LF
  +file_prop: src/client/windows/common/auto_critical_section.h svn:eol-style LF
  +file_prop: src/client/windows/common/ipc_protocol.h svn:eol-style LF
  +file_prop: src/client/windows/crash_generation/ReadMe.txt svn:eol-style LF
  +file_prop: src/client/windows/crash_generation/client_info.cc svn:eol-style LF
  +file_prop: src/client/windows/crash_generation/client_info.h svn:eol-style LF
  +file_prop: src/client/windows/crash_generation/crash_generation.gyp svn:eol-style LF
  +file_prop: src/client/windows/crash_generation/crash_generation_client.cc svn:eol-style LF
  +file_prop: src/client/windows/crash_generation/crash_generation_client.h svn:eol-style LF
  +file_prop: src/client/windows/crash_generation/crash_generation_server.cc svn:eol-style LF
  +file_prop: src/client/windows/crash_generation/crash_generation_server.h svn:eol-style LF
  +file_prop: src/client/windows/crash_generation/minidump_generator.cc svn:eol-style LF
  +file_prop: src/client/windows/crash_generation/minidump_generator.h svn:eol-style LF
  +file_prop: src/client/windows/handler/exception_handler.cc svn:eol-style LF
  +file_prop: src/client/windows/handler/exception_handler.gyp svn:eol-style LF
  +file_prop: src/client/windows/handler/exception_handler.h svn:eol-style LF
  +file_prop: src/client/windows/sender/crash_report_sender.cc svn:eol-style LF
  +file_prop: src/client/windows/sender/crash_report_sender.gyp svn:eol-style LF
  +file_prop: src/client/windows/sender/crash_report_sender.h svn:eol-style LF
r873
r874
r875
r878
r879
r880
r881
r882
r883
r884
r885
  -empty_dir: src/client/mac/sender/uploader.m
r886
r887
  -empty_dir: src/common/md5.c
  +file_prop: src/common/md5.cc svn:eol-style native
r888
  -empty_dir: src/client/mac/tests/auto_tempdir.h
  +file_prop: src/common/tests/auto_tempdir.h svn:eol-style LF
r889
  -empty_dir: src/client/mac/Framework/BreakpadDefines.h
r890
r891
r892
r893
r894
r895
  +file_prop: src/common/basictypes.h svn:eol-style LF
  +file_prop: src/common/linux/memory_mapped_file.cc svn:eol-style LF
  +file_prop: src/common/linux/memory_mapped_file.h svn:eol-style LF
  +file_prop: src/common/linux/memory_mapped_file_unittest.cc svn:eol-style LF
  +file_prop: src/common/memory_range.h svn:eol-style LF
  +file_prop: src/common/memory_range_unittest.cc svn:eol-style LF
r896
  +file_prop: src/common/linux/safe_readlink.cc svn:eol-style LF
  +file_prop: src/common/linux/safe_readlink.h svn:eol-style LF
  +file_prop: src/common/linux/safe_readlink_unittest.cc svn:eol-style LF
r897
r898
  +file_prop: src/tools/linux/md2core/minidump_memory_range.h svn:eol-style LF
  +file_prop: src/tools/linux/md2core/minidump_memory_range_unittest.cc svn:eol-style LF
r899
r900
  +file_prop: src/common/linux/elf_core_dump.cc svn:eol-style LF
  +file_prop: src/common/linux/elf_core_dump.h svn:eol-style LF
  +file_prop: src/common/linux/elf_core_dump_unittest.cc svn:eol-style LF
  +file_prop: src/common/linux/tests/crash_generator.cc svn:eol-style LF
  +file_prop: src/common/linux/tests/crash_generator.h svn:eol-style LF
  +file_prop: src/common/tests/file_utils.cc svn:eol-style LF
  +file_prop: src/common/tests/file_utils.h svn:eol-style LF
r901
r902
r903
r904
r905
  -empty_dir: src/client/linux/minidump_writer/linux_dumper_unittest.cc
  +file_prop: src/client/linux/minidump_writer/linux_core_dumper.cc svn:eol-style LF
  +file_prop: src/client/linux/minidump_writer/linux_core_dumper.h svn:eol-style LF
  +file_prop: src/client/linux/minidump_writer/linux_core_dumper_unittest.cc svn:eol-style LF
  +file_prop: src/client/linux/minidump_writer/linux_ptrace_dumper.cc svn:eol-style LF
  +file_prop: src/client/linux/minidump_writer/linux_ptrace_dumper.h svn:eol-style LF
  +file_prop: src/client/linux/minidump_writer/linux_ptrace_dumper_unittest.cc svn:eol-style LF
  +file_prop: src/tools/linux/core2md/core2md.cc svn:eol-style LF
r906
r907
r908
r909
r910
r911
r912
r913
r914
r915
r916
  +file_prop: src/client/ios/handler/ios_exception_minidump_generator.h svn:eol-style LF
  +file_prop: src/client/ios/handler/ios_exception_minidump_generator.mm svn:eol-style LF
r917
r918
r919
r920
r921
  +file_prop: src/common/mac/bootstrap_compat.cc svn:eol-style LF
  +file_prop: src/common/mac/bootstrap_compat.h svn:eol-style LF
r922
r923
r924
r925
r926
r927
r928
r929
r930
  -empty_dir: src/client/mac/handler/breakpad_exc_server.c
  -empty_dir: src/client/mac/handler/breakpad_exc_server.h
r931
r932
r933
r934
r935
  +file_prop: src/client/ios/BreakpadController.h svn:eol-style LF
  +file_prop: src/client/ios/BreakpadController.mm svn:eol-style LF
r936
r937
r938
r939
r940
r941
r942
r943
r944
r945
  +file_prop: src/client/linux/log/log.cc svn:eol-style LF
  +file_prop: src/client/linux/log/log.h svn:eol-style LF
r946
r947
r948
r949
r950
r951
r952
r953
r954
r955
r956
r957
r958
r959
r960
r961
r962
r963
r964
r965
r966
r967
r968
r969
r970
r971
r972
r973
r974
r975
r976
r977
r978
r979
r980
r981
r982
r983
r984
r985
r986
r987
r988
r989
r990
r991
  -empty_dir: src/client/linux/minidump_writer/minidump_extension_linux.h
r992
r993
r994
r995
  +file_prop: src/common/linux/ignore_ret.h svn:eol-style LF
r996
r997
r998
r999
r1000
r1001
r1002
r1003
r1004
r1005
r1006
r1007
  +file_prop: src/client/linux/handler/minidump_descriptor.cc svn:eol-style LF
  +file_prop: src/client/linux/handler/minidump_descriptor.h svn:eol-style LF
r1008
r1010
r1013
r1014
r1015
r1016
r1017
  -empty_dir: src/client/linux/android_link.h
  -empty_dir: src/client/linux/android_ucontext.h
r1018
r1019
  +dir_prop: src svn:externals testing%20-r263%20http://googlemock.googlecode.com/svn/trunk%0A
  +dir_prop: src/tools svn:externals gyp%20-r1472%20http://gyp.googlecode.com/svn/trunk%0A
r1020
r1021
r1022
r1023
r1024
r1025
r1026
r1027
r1031
r1032
  +dir_prop: src/third_party svn:externals lss%20-r12%20http://linux-syscall-support.googlecode.com/svn/trunk/lss%0Aglog%20-r97%20http://google-glog.googlecode.com/svn/trunk%0A
r1033
r1034
  +dir_prop: src svn:externals testing%20-r408%20http://googlemock.googlecode.com/svn/trunk%0A
r1035
r1036
r1037
r1038
r1039
r1040
r1041
r1042
r1043
r1044
r1045
r1046
r1047
r1048
r1049
r1050
r1051
r1052
r1055
r1056
r1057
  +file_prop: src/common/mac/arch_utilities.cc svn:eol-style LF
  +file_prop: src/common/mac/arch_utilities.h svn:eol-style LF
r1058
r1059
r1060
r1061
r1062
r1063
r1064
r1065
r1066
r1067
r1068
r1069
r1072
r1073
r1074
r1075
r1076
r1077
r1078
r1079
r1080
r1081
r1082
r1083
r1084
r1085
r1086
r1087
r1088
r1089
r1090
r1091
r1092
r1093
r1094
r1095
r1096
  -empty_dir: src/processor/scoped_ptr.h
  +file_prop: src/common/scoped_ptr.h svn:eol-style native
r1097
r1098
r1099
r1101
r1102
r1103
r1104
r1105
r1106
r1107
r1108
r1109
r1110
r1113
r1114
r1116
r1117
r1118
r1119
r1120
r1121
r1122
r1123
r1124
r1125
r1126
r1127
r1128
r1129
r1130
r1131
r1132
r1133
r1134
r1135
r1136
r1137
r1138
r1139
r1140
r1141
r1142
r1143
r1144
r1145
r1146
  +file_prop: src/common/linux/elf_gnu_compat.h svn:eol-style LF
r1147
  +file_prop: src/processor/stackwalker_ppc64.cc svn:eol-style LF
  +file_prop: src/processor/stackwalker_ppc64.h svn:eol-style LF
r1148
r1149
r1150
r1151
r1152
r1153
r1154
  -empty_dir: src/client/mac/tests/SimpleStringDictionaryTest.h
  -empty_dir: src/client/mac/tests/SimpleStringDictionaryTest.mm
  -empty_dir: src/common/mac/SimpleStringDictionary.h
  -empty_dir: src/common/mac/SimpleStringDictionary.mm
r1155
r1156
r1157
r1158
r1159
r1160
r1161
r1162
r1163
r1164
r1165
  +file_prop: src/google_breakpad/common/minidump_exception_ps3.h svn:eol-style LF
r1166
r1167
  +file_prop: src/tools/windows/dump_syms/testdata/omap_reorder_bbs.pdb svn:mime-type application/octet-stream
  +file_prop: src/tools/windows/dump_syms/testdata/omap_reorder_funcs.pdb svn:mime-type application/octet-stream
  +file_prop: src/tools/windows/dump_syms/testdata/omap_stretched.pdb svn:mime-type application/octet-stream
  +file_prop: src/tools/windows/dump_syms/testdata/omap_stretched_filled.pdb svn:mime-type application/octet-stream
r1168
r1169
r1170
r1171
r1172
r1173
r1174
r1175
r1176
r1177
r1178
r1179
r1180
r1181
r1182
r1183
r1184
r1185
r1186
r1187
r1188
r1189
r1190
r1191
r1192
r1193
r1194
r1195
r1196
r1197
r1198
r1199
r1200
r1201
r1202
r1203
r1204
r1205
r1206
r1207
  +file_prop: src/processor/stackwalker_address_list.cc svn:eol-style LF
  +file_prop: src/processor/stackwalker_address_list.h svn:eol-style LF
  +file_prop: src/processor/stackwalker_address_list_unittest.cc svn:eol-style LF
r1208
r1209
r1210
  +dir_prop: src/third_party svn:externals lss%20-r24%20http://linux-syscall-support.googlecode.com/svn/trunk/lss%0Aglog%20-r97%20http://google-glog.googlecode.com/svn/trunk%0A
r1211
r1212
r1213
r1214
r1215
r1216
r1217
r1218
r1219
r1220
r1221
r1222
r1223
r1224
r1225
r1226
  +file_prop: src/processor/testdata/linux_null_read_av.dmp svn:mime-type application/octet-stream
  +file_prop: src/processor/testdata/linux_overflow.dmp svn:mime-type application/octet-stream
  +file_prop: src/processor/testdata/linux_stacksmash.dmp svn:mime-type application/octet-stream
r1227
r1228
r1229
r1230
r1231
r1232
r1233
r1234
r1235
r1236
  -empty_dir: autotools/compile
r1237
r1238
r1239
r1240
  -empty_dir: src/common/tests/auto_testfile.h
r1241
r1242
r1243
r1244
r1245
r1246
r1247
r1248
r1249
r1250
r1251
r1252
r1253
r1254
r1255
r1256
r1257
r1258
r1259
r1260
r1261
r1262
r1263
r1264
r1265
r1266
r1267
r1268
r1269
r1270
r1271
r1272
r1273
r1274
r1275
r1276
r1277
r1278
  +file_prop: src/tools/mac/upload_system_symbols/arch_constants.h svn:eol-style LF
  +file_prop: src/tools/mac/upload_system_symbols/testdata/Makefile svn:eol-style LF
  +file_prop: src/tools/mac/upload_system_symbols/testdata/archtest.c svn:eol-style LF
r1279
r1280
r1281
r1282
r1283
  -empty_dir: src/common/mac/GTMGarbageCollection.h
r1284
r1285
  -empty_dir: COPYING
  +file_prop: LICENSE svn:eol-style native
r1286
r1287
r1288
r1289
r1290
  +file_prop: src/tools/windows/dump_syms/testdata/dump_syms_regtest64.pdb svn:mime-type application/octet-stream
r1291
r1292
r1293
r1294
r1295
r1296
r1297
r1298
  +dir_prop: src/tools svn:externals gyp%20-r1886%20http://gyp.googlecode.com/svn/trunk%0A
r1299
r1300
  -empty_dir: src/common/android/include/sys/stat.h
r1301
r1302
r1303
r1304
  -empty_dir: src/client/windows/build
  +file_prop: build/common.gypi svn:eol-style LF
  +file_prop: build/external_code.gypi svn:eol-style LF
  +file_prop: build/internal/release_defaults.gypi svn:eol-style LF
  +file_prop: build/internal/release_impl.gypi svn:eol-style LF
  +file_prop: build/internal/release_impl_official.gypi svn:eol-style LF
  +file_prop: build/release.gypi svn:eol-style LF
r1305
r1306
r1307
r1308
  -empty_dir: build/common.gypi
  -empty_dir: build/external_code.gypi
  -empty_dir: build/internal/release_defaults.gypi
  -empty_dir: build/internal/release_impl.gypi
  -empty_dir: build/internal/release_impl_official.gypi
  -empty_dir: build/release.gypi
  +file_prop: src/build/common.gypi svn:eol-style LF
  +file_prop: src/build/external_code.gypi svn:eol-style LF
  +file_prop: src/build/internal/release_defaults.gypi svn:eol-style LF
  +file_prop: src/build/internal/release_impl.gypi svn:eol-style LF
  +file_prop: src/build/internal/release_impl_official.gypi svn:eol-style LF
  +file_prop: src/build/release.gypi svn:eol-style LF
r1309
  -empty_dir: build
r1310
r1311
r1312
r1313
r1314
r1315
r1316
r1317
r1318
r1319
r1320
  +file_prop: src/common/linux/crc32.cc svn:eol-style LF
  +file_prop: src/common/linux/crc32.h svn:eol-style LF
r1321
  -empty_dir: src/build/external_code.gypi
  -empty_dir: src/build/internal
  -empty_dir: src/build/release.gypi
r1322
r1323
r1324
r1325
r1326
r1327
r1328
r1329
r1330
r1331
r1332
r1333
r1334
r1335
r1336
r1337
r1338
r1339
r1340
r1341
r1342
r1343
r1344
r1345
r1346
r1347
r1348
r1349
r1350
r1351
r1354
r1355
r1356
r1358
  +file_prop: src/build/all.gyp svn:eol-style LF
  +file_prop: src/build/filename_rules.gypi svn:eol-style LF
  +file_prop: src/build/testing.gypi svn:eol-style LF
  +file_prop: src/common/common.gyp svn:eol-style LF
  +file_prop: src/processor/processor.gyp svn:eol-style LF
  +file_prop: src/processor/processor_tools.gypi svn:eol-style LF
  +file_prop: src/third_party/libdisasm/libdisasm.gyp svn:eol-style LF
  +file_prop: src/tools/linux/tools_linux.gypi svn:eol-style LF
  +file_prop: src/tools/mac/tools_mac.gypi svn:eol-style LF
  +file_prop: src/tools/tools.gyp svn:eol-style LF
r1359
r1360
  -empty_dir: src/tools/mac/upload_system_symbols/arch_reader_test.go
  -empty_dir: src/tools/mac/upload_system_symbols/testdata
r1361
  +dir_prop: src/third_party svn:externals lss%20-r31%20http://linux-syscall-support.googlecode.com/svn/trunk/lss%0Aglog%20-r97%20http://google-glog.googlecode.com/svn/trunk%0A
r1362
  +dir_prop: . svn:ignore autom4te.cache%0Aconfig.cache%0Aconfig.log%0Aconfig.status%0AMakefile%0A
  +dir_prop: src svn:ignore .dirstamp%0Aconfig.h%0Astamp-h1%0A
  +dir_prop: src/client/linux svn:ignore .deps%0A.dirstamp%0Alinux_client_unittest_shlib%0Alinux_dumper_unittest_helper%0A
  +dir_prop: src/client/linux/log svn:ignore .deps%0A.dirstamp%0A
  +dir_prop: src/common/android svn:ignore .deps%0A
  +dir_prop: src/common/linux/tests svn:ignore .deps%0A
  +dir_prop: src/common/tests svn:ignore .deps%0A
  +dir_prop: src/processor svn:ignore .deps%0A.dirstamp%0Aminidump_dump%0Aminidump_stackwalk%0A
  +dir_prop: src/tools/linux/core2md svn:ignore .deps%0A.dirstamp%0Acore2md%0A
  +dir_prop: src/tools/linux/dump_syms svn:ignore .dirstamp%0A.deps%0Adump_syms%0A
  +dir_prop: src/tools/linux/md2core svn:ignore .dirstamp%0A.deps%0Aminidump-2-core%0A
  +dir_prop: src/tools/linux/symupload svn:ignore .dirstamp%0A.deps%0Aminidump_upload%0Asym_upload%0A
r1363
